Information: Using automatic min wire load selection group 'predcaps'. (ENV-003)
Information: Using automatic max wire load selection group 'predcaps'. (ENV-003)
Information: Using automatic min wire load selection group 'predcaps'. (ENV-003)
Information: Building multi voltage information for entire design. (MV-022)
Warning: Some timing arcs have been disabled for breaking timing loops or because of constant propagation. Use the 'report_disable_timing' command to get the list of these disabled timing arcs. (PTE-003)
Warning: An extrapolation exceeding 10% of the library characterization range has been detected. The delay calculation accuracy may be affected. for the cell timing arc, (saed14rvt_ff0p88v125c/SAEDRVT14_EO2_V1_0P75) ctl_u/U102/A1-->X (max positive_unate) [rise slew = 0.38802, lib_range = [0.003 0.133](nS)] (RC-011)
Warning: An extrapolation exceeding 10% of the library characterization range has been detected. The delay calculation accuracy may be affected. for the cell timing arc, (saed14rvt_ff0p88v125c/SAEDRVT14_OR2_0P5) ctl_u/U99/A1-->X (max positive_unate) [rise slew = 0.38802, lib_range = [0.003 0.133](nS)] (RC-011)
Warning: An extrapolation exceeding 10% of the library characterization range has been detected. The delay calculation accuracy may be affected. for the cell timing arc, (saed14rvt_ff0p88v125c/SAEDRVT14_EO2_V1_0P75) ctl_u/U102/A1-->X (min positive_unate) [rise slew = 0.29721, lib_range = [0.003 0.133](nS)] (RC-011)
Warning: An extrapolation exceeding 10% of the library characterization range has been detected. The delay calculation accuracy may be affected. for the cell timing arc, (saed14rvt_ff0p88v125c/SAEDRVT14_INV_0P5) ctl_u/U71/A-->X (max negative_unate) [fall slew = 0.310243, lib_range = [0.003 0.133](nS)] (RC-011)
Warning: An extrapolation exceeding 10% of the library characterization range has been detected. The delay calculation accuracy may be affected. for the cell timing arc, (saed14rvt_ff0p88v125c/SAEDRVT14_EO2_V1_0P75) ctl_u/U102/A1-->X (max negative_unate) [fall slew = 0.38802, lib_range = [0.003 0.133](nS)] (RC-011)
Warning: An extrapolation exceeding 10% of the library characterization range has been detected. The delay calculation accuracy may be affected. for the cell timing arc, (saed14rvt_ff0p88v125c/SAEDRVT14_OR2_0P5) ctl_u/U99/A1-->X (min positive_unate) [rise slew = 0.29721, lib_range = [0.003 0.133](nS)] (RC-011)
Warning: An extrapolation exceeding 10% of the library characterization range has been detected. The delay calculation accuracy may be affected. for the cell timing arc, (saed14rvt_ff0p88v125c/SAEDRVT14_EO2_V1_0P75) ctl_u/U102/A1-->X (min negative_unate) [fall slew = 0.29721, lib_range = [0.003 0.133](nS)] (RC-011)
Warning: An extrapolation exceeding 10% of the library characterization range has been detected. The delay calculation accuracy may be affected. for the cell timing arc, (saed14rvt_ff0p88v125c/SAEDRVT14_INV_0P5) ctl_u/U71/A-->X (min negative_unate) [fall slew = 0.22371, lib_range = [0.003 0.133](nS)] (RC-011)
Warning: An extrapolation exceeding 10% of the library characterization range has been detected. The delay calculation accuracy may be affected. for the cell timing arc, (saed14rvt_ff0p88v125c/SAEDRVT14_OR2_0P5) ctl_u/U99/A2-->X (max positive_unate) [rise slew = 0.355898, lib_range = [0.003 0.133](nS)] (RC-011)
Warning: An extrapolation exceeding 10% of the library characterization range has been detected. The delay calculation accuracy may be affected. for the cell timing arc, (saed14rvt_ff0p88v125c/SAEDRVT14_EO2_V1_0P75) ctl_u/U102/A2-->X (max positive_unate) [rise slew = 0.310243, lib_range = [0.003 0.133](nS)] (RC-011)
Warning: An extrapolation exceeding 10% of the library characterization range has been detected. The delay calculation accuracy may be affected. for the cell timing arc, (saed14rvt_ff0p88v125c/SAEDRVT14_OR2_0P5) ctl_u/U99/A2-->X (min positive_unate) [rise slew = 0.305192, lib_range = [0.003 0.133](nS)] (RC-011)
Warning: An extrapolation exceeding 10% of the library characterization range has been detected. The delay calculation accuracy may be affected. for the cell timing arc, (saed14rvt_ff0p88v125c/SAEDRVT14_EO2_V1_0P75) ctl_u/U102/A2-->X (min positive_unate) [rise slew = 0.22371, lib_range = [0.003 0.133](nS)] (RC-011)
Warning: An extrapolation exceeding 10% of the library characterization range has been detected. The delay calculation accuracy may be affected. for the cell timing arc, (saed14rvt_ff0p88v125c/SAEDRVT14_EO2_V1_0P75) ctl_u/U102/A2-->X (max negative_unate) [fall slew = 0.310243, lib_range = [0.003 0.133](nS)] (RC-011)
Warning: An extrapolation exceeding 10% of the library characterization range has been detected. The delay calculation accuracy may be affected. for the cell timing arc, (saed14rvt_ff0p88v125c/SAEDRVT14_EO2_V1_0P75) ctl_u/U102/A2-->X (min negative_unate) [fall slew = 0.22371, lib_range = [0.003 0.133](nS)] (RC-011)
Warning: An extrapolation exceeding 10% of the library characterization range has been detected. The delay calculation accuracy may be affected. for the cell timing arc, (saed14rvt_ff0p88v125c/SAEDRVT14_INV_S_0P5) ctl_u/U73/A-->X (max negative_unate) [fall slew = 0.38802, lib_range = [0.003 0.133](nS)] (RC-011)
Warning: An extrapolation exceeding 10% of the library characterization range has been detected. The delay calculation accuracy may be affected. for the cell timing arc, (saed14rvt_ff0p88v125c/SAEDRVT14_INV_S_0P5) ctl_u/U73/A-->X (min negative_unate) [fall slew = 0.29721, lib_range = [0.003 0.133](nS)] (RC-011)
Warning: An extrapolation exceeding 10% of the library characterization range has been detected. The delay calculation accuracy may be affected. for the cell timing arc, (saed14rvt_ff0p88v125c/SAEDRVT14_INV_0P5) ctl_u/ctmTdsLR_3_2545/A-->X (max negative_unate) [fall slew = 0.225963, lib_range = [0.003 0.133](nS)] (RC-011)
Warning: An extrapolation exceeding 10% of the library characterization range has been detected. The delay calculation accuracy may be affected. for the cell timing arc, (saed14rvt_ff0p88v125c/SAEDRVT14_INV_0P5) ctl_u/U74/A-->X (max negative_unate) [fall slew = 0.152863, lib_range = [0.003 0.133](nS)] (RC-011)
Warning: An extrapolation exceeding 10% of the library characterization range has been detected. The delay calculation accuracy may be affected. for the cell timing arc, (saed14rvt_ff0p88v125c/SAEDRVT14_INV_0P5) ctl_u/ctmTdsLR_3_2545/A-->X (min negative_unate) [fall slew = 0.14917, lib_range = [0.003 0.133](nS)] (RC-011)
Warning: An extrapolation exceeding 10% of the library characterization range has been detected. The delay calculation accuracy may be affected. for the cell timing arc, (saed14rvt_ff0p88v125c/SAEDRVT14_NR2_1) ctl_u/U70/A1-->X (max negative_unate) [fall slew = 0.202868, lib_range = [0.003 0.133](nS)] (RC-011)
Warning: An extrapolation exceeding 10% of the library characterization range has been detected. The delay calculation accuracy may be affected. for the cell timing arc, (saed14rvt_ff0p88v125c/SAEDRVT14_NR2_1) ctl_u/U70/A2-->X (max negative_unate) [fall slew = 0.310243, lib_range = [0.003 0.133](nS)] (RC-011)
Warning: An extrapolation exceeding 10% of the library characterization range has been detected. The delay calculation accuracy may be affected. for the cell timing arc, (saed14rvt_ff0p88v125c/SAEDRVT14_NR2_1) ctl_u/U70/A2-->X (min negative_unate) [fall slew = 0.22371, lib_range = [0.003 0.133](nS)] (RC-011)
Warning: An extrapolation exceeding 10% of the library characterization range has been detected. The delay calculation accuracy may be affected. for the cell timing arc, (saed14rvt_ff0p88v125c/SAEDRVT14_OR4_1) ctl_u/U61/A1-->X (max positive_unate) [rise slew = 0.355898, lib_range = [0.003 0.133](nS)] (RC-011)
Warning: An extrapolation exceeding 10% of the library characterization range has been detected. The delay calculation accuracy may be affected. for the cell timing arc, (saed14rvt_ff0p88v125c/SAEDRVT14_OR4_1) ctl_u/U61/A1-->X (min positive_unate) [rise slew = 0.305192, lib_range = [0.003 0.133](nS)] (RC-011)
Warning: An extrapolation exceeding 10% of the library characterization range has been detected. The delay calculation accuracy may be affected. for the cell timing arc, (saed14rvt_ff0p88v125c/SAEDRVT14_EN2_V1_0P75) ctl_u/U100/A1-->X (max positive_unate) [rise slew = 0.38802, lib_range = [0.003 0.133](nS)] (RC-011)
Warning: An extrapolation exceeding 10% of the library characterization range has been detected. The delay calculation accuracy may be affected. for the cell timing arc, (saed14rvt_ff0p88v125c/SAEDRVT14_OR4_1) ctl_u/U61/A2-->X (max positive_unate) [rise slew = 0.38802, lib_range = [0.003 0.133](nS)] (RC-011)
Warning: An extrapolation exceeding 10% of the library characterization range has been detected. The delay calculation accuracy may be affected. for the cell timing arc, (saed14rvt_ff0p88v125c/SAEDRVT14_OR4_1) ctl_u/U61/A2-->X (min positive_unate) [rise slew = 0.29721, lib_range = [0.003 0.133](nS)] (RC-011)
Warning: An extrapolation exceeding 10% of the library characterization range has been detected. The delay calculation accuracy may be affected. for the cell timing arc, (saed14rvt_ff0p88v125c/SAEDRVT14_EN2_V1_0P75) ctl_u/U100/A1-->X (min positive_unate) [rise slew = 0.29721, lib_range = [0.003 0.133](nS)] (RC-011)
Warning: An extrapolation exceeding 10% of the library characterization range has been detected. The delay calculation accuracy may be affected. for the cell timing arc, (saed14rvt_ff0p88v125c/SAEDRVT14_OR4_1) ctl_u/U61/A3-->X (max positive_unate) [rise slew = 0.387775, lib_range = [0.003 0.133](nS)] (RC-011)
Warning: An extrapolation exceeding 10% of the library characterization range has been detected. The delay calculation accuracy may be affected. for the cell timing arc, (saed14rvt_ff0p88v125c/SAEDRVT14_EN2_V1_0P75) ctl_u/U100/A1-->X (max negative_unate) [fall slew = 0.38802, lib_range = [0.003 0.133](nS)] (RC-011)
Warning: An extrapolation exceeding 10% of the library characterization range has been detected. The delay calculation accuracy may be affected. for the cell timing arc, (saed14rvt_ff0p88v125c/SAEDRVT14_OR4_1) ctl_u/U61/A3-->X (min positive_unate) [rise slew = 0.337556, lib_range = [0.003 0.133](nS)] (RC-011)
Warning: An extrapolation exceeding 10% of the library characterization range has been detected. The delay calculation accuracy may be affected. for the cell timing arc, (saed14rvt_ff0p88v125c/SAEDRVT14_EN2_V1_0P75) ctl_u/U100/A1-->X (min negative_unate) [fall slew = 0.29721, lib_range = [0.003 0.133](nS)] (RC-011)
Warning: An extrapolation exceeding 10% of the library characterization range has been detected. The delay calculation accuracy may be affected. for the cell timing arc, (saed14rvt_ff0p88v125c/SAEDRVT14_AN2_MM_0P5) ctl_u/U101/A1-->X (max positive_unate) [rise slew = 0.310243, lib_range = [0.003 0.133](nS)] (RC-011)
Warning: An extrapolation exceeding 10% of the library characterization range has been detected. The delay calculation accuracy may be affected. for the cell timing arc, (saed14rvt_ff0p88v125c/SAEDRVT14_OR4_1) ctl_u/U61/A4-->X (max positive_unate) [rise slew = 0.284873, lib_range = [0.003 0.133](nS)] (RC-011)
Warning: An extrapolation exceeding 10% of the library characterization range has been detected. The delay calculation accuracy may be affected. for the cell timing arc, (saed14rvt_ff0p88v125c/SAEDRVT14_EN2_V1_0P75) ctl_u/U100/A2-->X (max positive_unate) [rise slew = 0.355898, lib_range = [0.003 0.133](nS)] (RC-011)
Warning: An extrapolation exceeding 10% of the library characterization range has been detected. The delay calculation accuracy may be affected. for the cell timing arc, (saed14rvt_ff0p88v125c/SAEDRVT14_EN2_V1_0P75) ctl_u/U100/A2-->X (min positive_unate) [rise slew = 0.305192, lib_range = [0.003 0.133](nS)] (RC-011)
Warning: An extrapolation exceeding 10% of the library characterization range has been detected. The delay calculation accuracy may be affected. for the cell timing arc, (saed14rvt_ff0p88v125c/SAEDRVT14_OR4_1) ctl_u/U61/A4-->X (min positive_unate) [rise slew = 0.240122, lib_range = [0.003 0.133](nS)] (RC-011)
Warning: An extrapolation exceeding 10% of the library characterization range has been detected. The delay calculation accuracy may be affected. for the cell timing arc, (saed14rvt_ff0p88v125c/SAEDRVT14_AN2_MM_0P5) ctl_u/U101/A1-->X (min positive_unate) [rise slew = 0.22371, lib_range = [0.003 0.133](nS)] (RC-011)
Warning: An extrapolation exceeding 10% of the library characterization range has been detected. The delay calculation accuracy may be affected. for the cell timing arc, (saed14rvt_ff0p88v125c/SAEDRVT14_AN2_MM_0P5) ctl_u/U101/A2-->X (max positive_unate) [rise slew = 0.38802, lib_range = [0.003 0.133](nS)] (RC-011)
Warning: An extrapolation exceeding 10% of the library characterization range has been detected. The delay calculation accuracy may be affected. for the cell timing arc, (saed14rvt_ff0p88v125c/SAEDRVT14_EN2_V1_0P75) ctl_u/U100/A2-->X (max negative_unate) [fall slew = 0.355898, lib_range = [0.003 0.133](nS)] (RC-011)
Warning: An extrapolation exceeding 10% of the library characterization range has been detected. The delay calculation accuracy may be affected. for the cell timing arc, (saed14rvt_ff0p88v125c/SAEDRVT14_AN2_MM_0P5) ctl_u/U101/A2-->X (min positive_unate) [rise slew = 0.29721, lib_range = [0.003 0.133](nS)] (RC-011)
Warning: An extrapolation exceeding 10% of the library characterization range has been detected. The delay calculation accuracy may be affected. for the cell timing arc, (saed14rvt_ff0p88v125c/SAEDRVT14_EN2_V1_0P75) ctl_u/U100/A2-->X (min negative_unate) [fall slew = 0.305192, lib_range = [0.003 0.133](nS)] (RC-011)
Warning: An extrapolation exceeding 80% of the library characterization range has been detected. The delay calculation accuracy may be affected. for the cell timing arc, (saed14rvt_ff0p88v125c/SAEDRVT14_AO22_0P5) pe_u/pe0/U22/A1-->X (max positive_unate) [r/f slew = 0.000491297/0.000492088, lib_range = [0.003 0.133]/[0.003 0.133] (nS)] (RC-011)
Warning: An extrapolation exceeding 80% of the library characterization range has been detected. The delay calculation accuracy may be affected. for the cell timing arc, (saed14rvt_ff0p88v125c/SAEDRVT14_AO22_0P5) pe_u/pe0/U15/A1-->X (min positive_unate) [r/f slew = 0.000566938/0.000560431, lib_range = [0.003 0.133]/[0.003 0.133] (nS)] (RC-011)
Warning: An extrapolation exceeding 80% of the library characterization range has been detected. The delay calculation accuracy may be affected. for the cell timing arc, (saed14rvt_ff0p88v125c/SAEDRVT14_AO22_0P5) pe_u/pe0/U22/A1-->X (min positive_unate) [r/f slew = 0.000454928/0.000448634, lib_range = [0.003 0.133]/[0.003 0.133] (nS)] (RC-011)
Warning: An extrapolation exceeding 80% of the library characterization range has been detected. The delay calculation accuracy may be affected. for the cell timing arc, (saed14rvt_ff0p88v125c/SAEDRVT14_AO22_0P5) pe_u/pe0/U15/A1-->X (min positive_unate) [r/f slew = 0.000566938/0.000560431, lib_range = [0.003 0.133]/[0.003 0.133] (nS)] (RC-011)
Warning: An extrapolation exceeding 80% of the library characterization range has been detected. The delay calculation accuracy may be affected. for the cell timing arc, (saed14rvt_ff0p88v125c/SAEDRVT14_AO22_0P5) pe_u/pe0/U22/A1-->X (max positive_unate) [r/f slew = 0.000491297/0.000492088, lib_range = [0.003 0.133]/[0.003 0.133] (nS)] (RC-011)
Warning: An extrapolation exceeding 80% of the library characterization range has been detected. The delay calculation accuracy may be affected. for the cell timing arc, (saed14rvt_ff0p88v125c/SAEDRVT14_AO22_0P5) pe_u/pe0/U22/A1-->X (min positive_unate) [r/f slew = 0.000454928/0.000448634, lib_range = [0.003 0.133]/[0.003 0.133] (nS)] (RC-011)
Warning: An extrapolation exceeding 80% of the library characterization range has been detected. The delay calculation accuracy may be affected. for the cell timing arc, (saed14rvt_ff0p88v125c/SAEDRVT14_AO22_0P5) pe_u/pe0/U15/A1-->X (min positive_unate) [r/f slew = 0.000566938/0.000560431, lib_range = [0.003 0.133]/[0.003 0.133] (nS)] (RC-011)
Warning: An extrapolation exceeding 80% of the library characterization range has been detected. The delay calculation accuracy may be affected. for the cell timing arc, (saed14rvt_ff0p88v125c/SAEDRVT14_AO22_0P5) pe_u/pe0/U22/A1-->X (max positive_unate) [r/f slew = 0.000491297/0.000492088, lib_range = [0.003 0.133]/[0.003 0.133] (nS)] (RC-011)
Warning: An extrapolation exceeding 80% of the library characterization range has been detected. The delay calculation accuracy may be affected. for the cell timing arc, (saed14rvt_ff0p88v125c/SAEDRVT14_AO22_0P5) pe_u/pe0/U22/A1-->X (min positive_unate) [r/f slew = 0.000454928/0.000448634, lib_range = [0.003 0.133]/[0.003 0.133] (nS)] (RC-011)
Warning: An extrapolation exceeding 80% of the library characterization range has been detected. The delay calculation accuracy may be affected. for the cell timing arc, (saed14rvt_ff0p88v125c/SAEDRVT14_AO22_0P5) pe_u/pe0/U20/A1-->X (max positive_unate) [r/f slew = 0.000472911/0.000473607, lib_range = [0.003 0.133]/[0.003 0.133] (nS)] (RC-011)
Warning: An extrapolation exceeding 80% of the library characterization range has been detected. The delay calculation accuracy may be affected. for the cell timing arc, (saed14rvt_ff0p88v125c/SAEDRVT14_AO22_0P5) pe_u/pe0/U19/A1-->X (min positive_unate) [r/f slew = 0.000593707/0.000586957, lib_range = [0.003 0.133]/[0.003 0.133] (nS)] (RC-011)
Warning: An extrapolation exceeding 80% of the library characterization range has been detected. The delay calculation accuracy may be affected. for the cell timing arc, (saed14rvt_ff0p88v125c/SAEDRVT14_AO22_0P5) pe_u/pe0/U20/A1-->X (min positive_unate) [r/f slew = 0.000443506/0.000438201, lib_range = [0.003 0.133]/[0.003 0.133] (nS)] (RC-011)
Warning: An extrapolation exceeding 80% of the library characterization range has been detected. The delay calculation accuracy may be affected. for the cell timing arc, (saed14rvt_ff0p88v125c/SAEDRVT14_AO22_0P5) pe_u/pe0/U19/A1-->X (min positive_unate) [r/f slew = 0.000593707/0.000586957, lib_range = [0.003 0.133]/[0.003 0.133] (nS)] (RC-011)
Warning: An extrapolation exceeding 80% of the library characterization range has been detected. The delay calculation accuracy may be affected. for the cell timing arc, (saed14rvt_ff0p88v125c/SAEDRVT14_AO22_0P5) pe_u/pe0/U20/A1-->X (max positive_unate) [r/f slew = 0.000472911/0.000473607, lib_range = [0.003 0.133]/[0.003 0.133] (nS)] (RC-011)
Warning: An extrapolation exceeding 80% of the library characterization range has been detected. The delay calculation accuracy may be affected. for the cell timing arc, (saed14rvt_ff0p88v125c/SAEDRVT14_AO22_0P5) pe_u/pe0/U18/A1-->X (max positive_unate) [r/f slew = 0.000590115/0.000590892, lib_range = [0.003 0.133]/[0.003 0.133] (nS)] (RC-011)
Warning: An extrapolation exceeding 80% of the library characterization range has been detected. The delay calculation accuracy may be affected. for the cell timing arc, (saed14rvt_ff0p88v125c/SAEDRVT14_AO22_0P5) pe_u/pe0/U20/A1-->X (min positive_unate) [r/f slew = 0.000443506/0.000438201, lib_range = [0.003 0.133]/[0.003 0.133] (nS)] (RC-011)
Warning: An extrapolation exceeding 80% of the library characterization range has been detected. The delay calculation accuracy may be affected. for the cell timing arc, (saed14rvt_ff0p88v125c/SAEDRVT14_AO22_0P5) pe_u/pe0/U19/A1-->X (min positive_unate) [r/f slew = 0.000593707/0.000586957, lib_range = [0.003 0.133]/[0.003 0.133] (nS)] (RC-011)
Warning: An extrapolation exceeding 80% of the library characterization range has been detected. The delay calculation accuracy may be affected. for the cell timing arc, (saed14rvt_ff0p88v125c/SAEDRVT14_AO22_0P5) pe_u/pe0/U18/A1-->X (min positive_unate) [r/f slew = 0.000554326/0.000548331, lib_range = [0.003 0.133]/[0.003 0.133] (nS)] (RC-011)
Warning: An extrapolation exceeding 80% of the library characterization range has been detected. The delay calculation accuracy may be affected. for the cell timing arc, (saed14rvt_ff0p88v125c/SAEDRVT14_AO22_0P5) pe_u/pe0/U20/A1-->X (max positive_unate) [r/f slew = 0.000472911/0.000473607, lib_range = [0.003 0.133]/[0.003 0.133] (nS)] (RC-011)
Warning: An extrapolation exceeding 80% of the library characterization range has been detected. The delay calculation accuracy may be affected. for the cell timing arc, (saed14rvt_ff0p88v125c/SAEDRVT14_AO22_0P5) pe_u/pe0/U17/A1-->X (max positive_unate) [r/f slew = 0.000572527/0.000573303, lib_range = [0.003 0.133]/[0.003 0.133] (nS)] (RC-011)
Warning: An extrapolation exceeding 80% of the library characterization range has been detected. The delay calculation accuracy may be affected. for the cell timing arc, (saed14rvt_ff0p88v125c/SAEDRVT14_AO22_0P5) pe_u/pe0/U18/A1-->X (max positive_unate) [r/f slew = 0.000590115/0.000590892, lib_range = [0.003 0.133]/[0.003 0.133] (nS)] (RC-011)
Warning: An extrapolation exceeding 80% of the library characterization range has been detected. The delay calculation accuracy may be affected. for the cell timing arc, (saed14rvt_ff0p88v125c/SAEDRVT14_AO22_0P5) pe_u/pe0/U20/A1-->X (min positive_unate) [r/f slew = 0.000443506/0.000438201, lib_range = [0.003 0.133]/[0.003 0.133] (nS)] (RC-011)
Warning: An extrapolation exceeding 80% of the library characterization range has been detected. The delay calculation accuracy may be affected. for the cell timing arc, (saed14rvt_ff0p88v125c/SAEDRVT14_AO22_0P5) pe_u/pe0/U18/A1-->X (min positive_unate) [r/f slew = 0.000554326/0.000548331, lib_range = [0.003 0.133]/[0.003 0.133] (nS)] (RC-011)
Warning: An extrapolation exceeding 80% of the library characterization range has been detected. The delay calculation accuracy may be affected. for the cell timing arc, (saed14rvt_ff0p88v125c/SAEDRVT14_AO22_0P5) pe_u/pe0/U17/A1-->X (min positive_unate) [r/f slew = 0.000536762/0.000530773, lib_range = [0.003 0.133]/[0.003 0.133] (nS)] (RC-011)
Warning: An extrapolation exceeding 80% of the library characterization range has been detected. The delay calculation accuracy may be affected. for the cell timing arc, (saed14rvt_ff0p88v125c/SAEDRVT14_AO22_0P5) pe_u/pe0/U18/A1-->X (max positive_unate) [r/f slew = 0.000590115/0.000590892, lib_range = [0.003 0.133]/[0.003 0.133] (nS)] (RC-011)
Warning: An extrapolation exceeding 80% of the library characterization range has been detected. The delay calculation accuracy may be affected. for the cell timing arc, (saed14rvt_ff0p88v125c/SAEDRVT14_AO22_0P5) pe_u/pe0/U18/A1-->X (min positive_unate) [r/f slew = 0.000554326/0.000548331, lib_range = [0.003 0.133]/[0.003 0.133] (nS)] (RC-011)
Warning: An extrapolation exceeding 80% of the library characterization range has been detected. The delay calculation accuracy may be affected. for the cell timing arc, (saed14rvt_ff0p88v125c/SAEDRVT14_AO22_0P5) pe_u/pe0/U17/A1-->X (max positive_unate) [r/f slew = 0.000572527/0.000573303, lib_range = [0.003 0.133]/[0.003 0.133] (nS)] (RC-011)
Warning: An extrapolation exceeding 80% of the library characterization range has been detected. The delay calculation accuracy may be affected. for the cell timing arc, (saed14rvt_ff0p88v125c/SAEDRVT14_AO22_0P5) pe_u/pe0/U17/A1-->X (min positive_unate) [r/f slew = 0.000536762/0.000530773, lib_range = [0.003 0.133]/[0.003 0.133] (nS)] (RC-011)
Warning: An extrapolation exceeding 80% of the library characterization range has been detected. The delay calculation accuracy may be affected. for the cell timing arc, (saed14rvt_ff0p88v125c/SAEDRVT14_AO22_0P5) pe_u/pe0/U17/A1-->X (max positive_unate) [r/f slew = 0.000572527/0.000573303, lib_range = [0.003 0.133]/[0.003 0.133] (nS)] (RC-011)
Warning: An extrapolation exceeding 80% of the library characterization range has been detected. The delay calculation accuracy may be affected. for the cell timing arc, (saed14rvt_ff0p88v125c/SAEDRVT14_AO22_0P5) pe_u/pe0/U17/A1-->X (min positive_unate) [r/f slew = 0.000536762/0.000530773, lib_range = [0.003 0.133]/[0.003 0.133] (nS)] (RC-011)
Warning: An extrapolation exceeding 10% of the library characterization range has been detected. The delay calculation accuracy may be affected. for the cell timing arc, (saed14rvt_ff0p88v125c/SAEDRVT14_ADDF_V1_0P5) ctl_u/add_118/U1_1/A-->S (max positive_unate) [rise slew = 0.202868, lib_range = [0.003 0.133](nS)] (RC-011)
Warning: An extrapolation exceeding 10% of the library characterization range has been detected. The delay calculation accuracy may be affected. for the cell timing arc, (saed14rvt_ff0p88v125c/SAEDRVT14_ADDF_V1_0P5) ctl_u/add_118/U1_1/A-->S (max positive_unate) [rise slew = 0.202868, lib_range = [0.003 0.133](nS)] (RC-011)
Warning: An extrapolation exceeding 10% of the library characterization range has been detected. The delay calculation accuracy may be affected. for the cell timing arc, (saed14rvt_ff0p88v125c/SAEDRVT14_ADDF_V1_0P5) ctl_u/add_118/U1_1/A-->S (max positive_unate) [rise slew = 0.202868, lib_range = [0.003 0.133](nS)] (RC-011)
Warning: An extrapolation exceeding 10% of the library characterization range has been detected. The delay calculation accuracy may be affected. for the cell timing arc, (saed14rvt_ff0p88v125c/SAEDRVT14_ADDF_V1_0P5) ctl_u/add_118/U1_1/A-->S (max negative_unate) [fall slew = 0.202868, lib_range = [0.003 0.133](nS)] (RC-011)
Warning: An extrapolation exceeding 10% of the library characterization range has been detected. The delay calculation accuracy may be affected. for the cell timing arc, (saed14rvt_ff0p88v125c/SAEDRVT14_ADDF_V1_0P5) ctl_u/add_118/U1_1/A-->S (max negative_unate) [fall slew = 0.202868, lib_range = [0.003 0.133](nS)] (RC-011)
Warning: An extrapolation exceeding 10% of the library characterization range has been detected. The delay calculation accuracy may be affected. for the cell timing arc, (saed14rvt_ff0p88v125c/SAEDRVT14_ADDF_V1_0P5) ctl_u/add_118/U1_1/A-->S (max negative_unate) [fall slew = 0.202868, lib_range = [0.003 0.133](nS)] (RC-011)
Warning: An extrapolation exceeding 10% of the library characterization range has been detected. The delay calculation accuracy may be affected. for the cell timing arc, (saed14rvt_ff0p88v125c/SAEDRVT14_ADDF_V1_0P5) ctl_u/add_118/U1_1/B-->S (max positive_unate) [rise slew = 0.355898, lib_range = [0.003 0.133](nS)] (RC-011)
Warning: An extrapolation exceeding 10% of the library characterization range has been detected. The delay calculation accuracy may be affected. for the cell timing arc, (saed14rvt_ff0p88v125c/SAEDRVT14_ADDF_V1_0P5) ctl_u/add_118/U1_1/B-->S (min positive_unate) [rise slew = 0.305192, lib_range = [0.003 0.133](nS)] (RC-011)
Warning: An extrapolation exceeding 10% of the library characterization range has been detected. The delay calculation accuracy may be affected. for the cell timing arc, (saed14rvt_ff0p88v125c/SAEDRVT14_ADDF_V1_0P5) ctl_u/add_118/U1_1/B-->S (max positive_unate) [rise slew = 0.355898, lib_range = [0.003 0.133](nS)] (RC-011)
Warning: An extrapolation exceeding 10% of the library characterization range has been detected. The delay calculation accuracy may be affected. for the cell timing arc, (saed14rvt_ff0p88v125c/SAEDRVT14_ADDF_V1_0P5) ctl_u/add_118/U1_1/B-->S (min positive_unate) [rise slew = 0.305192, lib_range = [0.003 0.133](nS)] (RC-011)
Warning: An extrapolation exceeding 10% of the library characterization range has been detected. The delay calculation accuracy may be affected. for the cell timing arc, (saed14rvt_ff0p88v125c/SAEDRVT14_ADDF_V1_0P5) ctl_u/add_118/U1_1/B-->S (max positive_unate) [rise slew = 0.355898, lib_range = [0.003 0.133](nS)] (RC-011)
Warning: An extrapolation exceeding 10% of the library characterization range has been detected. The delay calculation accuracy may be affected. for the cell timing arc, (saed14rvt_ff0p88v125c/SAEDRVT14_ADDF_V1_0P5) ctl_u/add_118/U1_1/B-->S (min positive_unate) [rise slew = 0.305192, lib_range = [0.003 0.133](nS)] (RC-011)
Warning: An extrapolation exceeding 10% of the library characterization range has been detected. The delay calculation accuracy may be affected. for the cell timing arc, (saed14rvt_ff0p88v125c/SAEDRVT14_ADDF_V1_0P5) ctl_u/add_118/U1_1/B-->S (max negative_unate) [fall slew = 0.355898, lib_range = [0.003 0.133](nS)] (RC-011)
Warning: An extrapolation exceeding 10% of the library characterization range has been detected. The delay calculation accuracy may be affected. for the cell timing arc, (saed14rvt_ff0p88v125c/SAEDRVT14_ADDF_V1_0P5) ctl_u/add_118/U1_1/B-->S (min negative_unate) [fall slew = 0.305192, lib_range = [0.003 0.133](nS)] (RC-011)
Warning: An extrapolation exceeding 10% of the library characterization range has been detected. The delay calculation accuracy may be affected. for the cell timing arc, (saed14rvt_ff0p88v125c/SAEDRVT14_ADDF_V1_0P5) ctl_u/add_118/U1_1/B-->S (max negative_unate) [fall slew = 0.355898, lib_range = [0.003 0.133](nS)] (RC-011)
Warning: An extrapolation exceeding 10% of the library characterization range has been detected. The delay calculation accuracy may be affected. for the cell timing arc, (saed14rvt_ff0p88v125c/SAEDRVT14_ADDF_V1_0P5) ctl_u/add_118/U1_1/B-->S (min negative_unate) [fall slew = 0.305192, lib_range = [0.003 0.133](nS)] (RC-011)
Warning: An extrapolation exceeding 10% of the library characterization range has been detected. The delay calculation accuracy may be affected. for the cell timing arc, (saed14rvt_ff0p88v125c/SAEDRVT14_ADDF_V1_0P5) ctl_u/add_118/U1_1/B-->S (max negative_unate) [fall slew = 0.355898, lib_range = [0.003 0.133](nS)] (RC-011)
Warning: An extrapolation exceeding 10% of the library characterization range has been detected. The delay calculation accuracy may be affected. for the cell timing arc, (saed14rvt_ff0p88v125c/SAEDRVT14_ADDF_V1_0P5) ctl_u/add_118/U1_1/B-->S (min negative_unate) [fall slew = 0.305192, lib_range = [0.003 0.133](nS)] (RC-011)
Warning: An extrapolation exceeding 10% of the library characterization range has been detected. The delay calculation accuracy may be affected. for the cell timing arc, (saed14rvt_ff0p88v125c/SAEDRVT14_AO21_U_0P5) ctl_u/U8/A1-->X (max positive_unate) [rise slew = 0.310243, lib_range = [0.003 0.133](nS)] (RC-011)
Warning: An extrapolation exceeding 10% of the library characterization range has been detected. The delay calculation accuracy may be affected. for the cell timing arc, (saed14rvt_ff0p88v125c/SAEDRVT14_AO21_U_0P5) ctl_u/U8/A1-->X (min positive_unate) [rise slew = 0.22371, lib_range = [0.003 0.133](nS)] (RC-011)
Warning: An extrapolation exceeding 10% of the library characterization range has been detected. The delay calculation accuracy may be affected. for the cell timing arc, (saed14rvt_ff0p88v125c/SAEDRVT14_AO21_U_0P5) ctl_u/U8/A2-->X (max positive_unate) [rise slew = 0.202868, lib_range = [0.003 0.133](nS)] (RC-011)
Warning: An extrapolation exceeding 10% of the library characterization range has been detected. The delay calculation accuracy may be affected. for the cell timing arc, (saed14rvt_ff0p88v125c/SAEDRVT14_OR2_0P5) ctl_u/U97/A2-->X (max positive_unate) [rise slew = 0.284873, lib_range = [0.003 0.133](nS)] (RC-011)
Warning: An extrapolation exceeding 10% of the library characterization range has been detected. The delay calculation accuracy may be affected. for the cell timing arc, (saed14rvt_ff0p88v125c/SAEDRVT14_OR2_0P5) ctl_u/U97/A2-->X (min positive_unate) [rise slew = 0.240122, lib_range = [0.003 0.133](nS)] (RC-011)
Warning: An extrapolation exceeding 10% of the library characterization range has been detected. The delay calculation accuracy may be affected. for the cell timing arc, (saed14rvt_ff0p88v125c/SAEDRVT14_ADDF_V1_0P5) ctl_u/add_118/U1_1/A-->CO (max positive_unate) [rise slew = 0.202868, lib_range = [0.003 0.133](nS)] (RC-011)
Warning: An extrapolation exceeding 10% of the library characterization range has been detected. The delay calculation accuracy may be affected. for the cell timing arc, (saed14rvt_ff0p88v125c/SAEDRVT14_EN2_V1_0P75) ctl_u/U98/A2-->X (max positive_unate) [rise slew = 0.284873, lib_range = [0.003 0.133](nS)] (RC-011)
Warning: An extrapolation exceeding 10% of the library characterization range has been detected. The delay calculation accuracy may be affected. for the cell timing arc, (saed14rvt_ff0p88v125c/SAEDRVT14_EN2_V1_0P75) ctl_u/U98/A2-->X (min positive_unate) [rise slew = 0.240122, lib_range = [0.003 0.133](nS)] (RC-011)
Warning: An extrapolation exceeding 10% of the library characterization range has been detected. The delay calculation accuracy may be affected. for the cell timing arc, (saed14rvt_ff0p88v125c/SAEDRVT14_EN2_V1_0P75) ctl_u/U98/A2-->X (max negative_unate) [fall slew = 0.284873, lib_range = [0.003 0.133](nS)] (RC-011)
Warning: An extrapolation exceeding 10% of the library characterization range has been detected. The delay calculation accuracy may be affected. for the cell timing arc, (saed14rvt_ff0p88v125c/SAEDRVT14_ADDF_V1_0P5) ctl_u/add_118/U1_1/A-->CO (max positive_unate) [rise slew = 0.202868, lib_range = [0.003 0.133](nS)] (RC-011)
****************************************
Report : timing
	-path_type full
	-delay_type max
	-max_paths 1
	-sort_by slack
Design : top
Version: S-2021.06-SP4
Date   : Sat Nov  8 22:10:21 2025
****************************************


  Startpoint: ctl_u/count_reg[3]
               (rising edge-triggered flip-flop clocked by ideal_clock1)
  Endpoint: comp_u/motionY_reg[3]
               (rising edge-triggered flip-flop clocked by ideal_clock1)
  Last common pin: clock
  Path Group: ideal_clock1
  Path Type: max

  Point                                                   Incr       Path
  ------------------------------------------------------------------------------
  clock ideal_clock1 (rise edge)                          0.00       0.00
  clock network delay (propagated)                        0.01       0.01
  ctl_u/count_reg[3]/CK (SAEDRVT14_FSDPQ_V2LP_0P5)        0.00       0.01 r
  ctl_u/count_reg[3]/Q (SAEDRVT14_FSDPQ_V2LP_0P5)         0.07 &     0.08 r
  ctl_u/U63/X (SAEDRVT14_INV_S_0P5)                       0.05 &     0.13 f
  ctl_u/U48/X (SAEDHVT14_ND2_MM_0P5)                      0.05 &     0.18 r
  ctl_u/U16/X (SAEDRVT14_INV_S_0P5)                       0.03 &     0.21 f
  ctl_u/U60/X (SAEDHVT14_ND2_MM_0P5)                      0.04 &     0.25 r
  ctl_u/U18/X (SAEDRVT14_INV_S_0P5)                       0.02 &     0.26 f
  ctl_u/U36/X (SAEDRVT14_AN3_0P5)                         0.03 &     0.30 f
  ctl_u/U35/X (SAEDRVT14_AN2_MM_0P5)                      0.02 &     0.31 f
  comp_u/U17/X (SAEDRVT14_NR2_1)                          0.03 &     0.34 r
  comp_u/U126/X (SAEDRVT14_ND2B_U_0P5)                    0.05 &     0.39 f
  comp_u/U108/X (SAEDRVT14_AO21B_0P5)                     0.02 &     0.41 r
  comp_u/U32/X (SAEDRVT14_AO221_0P5)                      0.01 &     0.42 r
  comp_u/U29/X (SAEDRVT14_OAI21_0P75)                     0.01 &     0.43 f
  comp_u/U100/X (SAEDRVT14_AO21B_0P5)                     0.01 &     0.45 r
  comp_u/U113/X (SAEDRVT14_AO221_0P5)                     0.01 &     0.46 r
  comp_u/U98/X (SAEDRVT14_OA21B_1)                        0.02 &     0.48 r
  comp_u/U111/X (SAEDRVT14_AO221_0P5)                     0.02 &     0.50 r
  comp_u/U135/X (SAEDRVT14_ND2B_U_0P5)                    0.01 &     0.51 r
  comp_u/U136/X (SAEDRVT14_OA21B_1)                       0.01 &     0.51 r
  comp_u/U137/X (SAEDRVT14_AO221_0P5)                     0.01 &     0.52 r
  comp_u/U138/X (SAEDRVT14_OA221_U_0P5)                   0.01 &     0.54 r
  comp_u/U139/X (SAEDRVT14_AO221_0P5)                     0.01 &     0.55 r
  comp_u/U140/X (SAEDRVT14_OA221_U_0P5)                   0.01 &     0.56 r
  comp_u/U141/X (SAEDRVT14_AO221_0P5)                     0.01 &     0.57 r
  comp_u/U142/X (SAEDRVT14_OAI21_0P75)                    0.01 &     0.58 f
  comp_u/U143/X (SAEDRVT14_AO21B_0P5)                     0.01 &     0.58 r
  comp_u/U144/X (SAEDRVT14_OAI21_0P75)                    0.02 &     0.60 f
  comp_u/U27/X (SAEDRVT14_OAI311_0P5)                     0.07 &     0.67 r
  comp_u/U134/X (SAEDRVT14_INV_0P5)                       0.07 &     0.74 f
  comp_u/U11/X (SAEDRVT14_AO22_0P75)                      0.02 &     0.77 f
  comp_u/motionY_reg[3]/D (SAEDRVT14_FDP_V2LP_0P5)        0.00 &     0.77 f
  data arrival time                                                  0.77

  clock ideal_clock1 (rise edge)                          3.85       3.85
  clock network delay (propagated)                        0.00       3.85
  clock reconvergence pessimism                           0.00       3.85
  comp_u/motionY_reg[3]/CK (SAEDRVT14_FDP_V2LP_0P5)                  3.85 r
  library setup time                                     -0.01       3.84
  data required time                                                 3.84
  ------------------------------------------------------------------------------
  data required time                                                 3.84
  data arrival time                                                 -0.77
  ------------------------------------------------------------------------------
  slack (MET)                                                        3.08


1
